
> esign_portal@0.1.0 build
> next build

[baseline-browser-mapping] The data in this module is over two months old.  To ensure accurate Baseline data, please update: `npm i baseline-browser-mapping@latest -D`
▲ Next.js 16.1.4 (Turbopack)
- Environments: .env.local, .env

  Creating an optimized production build ...
[baseline-browser-mapping] The data in this module is over two months old.  To ensure accurate Baseline data, please update: `npm i baseline-browser-mapping@latest -D`
✓ Compiled successfully in 8.0s
  Running TypeScript ...
  Collecting page data using 7 workers ...
[baseline-browser-mapping] The data in this module is over two months old.  To ensure accurate Baseline data, please update: `npm i baseline-browser-mapping@latest -D`
[baseline-browser-mapping] The data in this module is over two months old.  To ensure accurate Baseline data, please update: `npm i baseline-browser-mapping@latest -D`
[baseline-browser-mapping] The data in this module is over two months old.  To ensure accurate Baseline data, please update: `npm i baseline-browser-mapping@latest -D`
[baseline-browser-mapping] The data in this module is over two months old.  To ensure accurate Baseline data, please update: `npm i baseline-browser-mapping@latest -D`
[baseline-browser-mapping] The data in this module is over two months old.  To ensure accurate Baseline data, please update: `npm i baseline-browser-mapping@latest -D`
[baseline-browser-mapping] The data in this module is over two months old.  To ensure accurate Baseline data, please update: `npm i baseline-browser-mapping@latest -D`
[baseline-browser-mapping] The data in this module is over two months old.  To ensure accurate Baseline data, please update: `npm i baseline-browser-mapping@latest -D`
  Generating static pages using 7 workers (0/20) ...
  Generating static pages using 7 workers (5/20) 
  Generating static pages using 7 workers (10/20) 
  Generating static pages using 7 workers (15/20) 
✓ Generating static pages using 7 workers (20/20) in 707.8ms
  Finalizing page optimization ...

Route (app)
┌ ○ /
├ ○ /_not-found
├ ○ /admin
├ ƒ /admin/[...slug]
├ ○ /admin/activity
├ ○ /admin/api-usage
├ ○ /admin/audit-logs
├ ○ /admin/notifications
├ ○ /admin/portals
├ ƒ /admin/portals/[portalId]
├ ○ /admin/profile
├ ○ /admin/users
├ ○ /login
├ ƒ /login/[...slug]
├ ○ /portal
├ ƒ /portal/[...slug]
├ ○ /portal/activity
├ ○ /portal/api-keys
├ ○ /portal/notifications
├ ○ /portal/profile
├ ○ /portal/team-members
└ ○ /portal/usage-reports


ƒ Proxy (Middleware)

○  (Static)   prerendered as static content
ƒ  (Dynamic)  server-rendered on demand

